[debug] [2021-12-01T22:02:54.277Z] ----------------------------------------------------------------------
[debug] [2021-12-01T22:02:54.279Z] Command:       /usr/local/bin/node /usr/local/bin/firebase init
[debug] [2021-12-01T22:02:54.279Z] CLI Version:   9.23.0
[debug] [2021-12-01T22:02:54.279Z] Platform:      darwin
[debug] [2021-12-01T22:02:54.279Z] Node Version:  v16.13.0
[debug] [2021-12-01T22:02:54.287Z] Time:          Wed Dec 01 2021 14:02:54 GMT-0800 (Pacific Standard Time)
[debug] [2021-12-01T22:02:54.287Z] ----------------------------------------------------------------------
[debug] 
[debug] [2021-12-01T22:02:54.327Z] > command requires scopes: ["email","openid","https://www.googleapis.com/auth/cloudplatformprojects.readonly","https://www.googleapis.com/auth/firebase","https://www.googleapis.com/auth/cloud-platform"]
[debug] [2021-12-01T22:02:54.327Z] > authorizing via signed-in user (builcas73@gmail.com)
[info] 
     ######## #### ########  ######## ########     ###     ######  ########
     ##        ##  ##     ## ##       ##     ##  ##   ##  ##       ##
     ######    ##  ########  ######   ########  #########  ######  ######
     ##        ##  ##    ##  ##       ##     ## ##     ##       ## ##
     ##       #### ##     ## ######## ########  ##     ##  ######  ########

You're about to initialize a Firebase project in this directory:

  /Users/ryosuketsuiki/Desktop/DTC_05

Before we get started, keep in mind:

  * You are initializing within an existing Firebase project directory

